<?xml version="1.0" encoding="UTF-8"?>
<testng-results ignored="0" total="6" passed="4" failed="2" skipped="0">
  <reporter-output>
  </reporter-output>
  <suite started-at="2023-01-22T11:55:32 IST" name="Suite" finished-at="2023-01-22T11:55:45 IST" duration-ms="13831">
    <groups>
    </groups>
    <test started-at="2023-01-22T11:55:32 IST" name="Test1" finished-at="2023-01-22T11:55:45 IST" duration-ms="13758">
      <class name="foods.TC_Foods_7">
        <test-method signature="meghanaFoods()[pri:0, instance:foods.TC_Foods_7@1ed1993a]" started-at="2023-01-22T11:55:32 IST" name="meghanaFoods" finished-at="2023-01-22T11:55:36 IST" duration-ms="4815" status="PASS">
          <reporter-output>
          </reporter-output>
        </test-method> <!-- meghanaFoods -->
      </class> <!-- foods.TC_Foods_7 -->
      <class name="foods.TC_Foods_6">
        <test-method signature="meghanaFoods()[pri:0, instance:foods.TC_Foods_6@1f3f4916]" started-at="2023-01-22T11:55:36 IST" name="meghanaFoods" finished-at="2023-01-22T11:55:36 IST" duration-ms="1" status="FAIL">
          <exception class="java.lang.ArithmeticException">
            <message>
              <![CDATA[/ by zero]]>
            </message>
            <full-stacktrace>
              <![CDATA[java.lang.ArithmeticException: / by zero
at foods.TC_Foods_6.meghanaFoods(TC_Foods_6.java:10)
at java.base/jdk.internal.reflect.NativeMethodAccessorImpl.invoke0(Native Method)
at java.base/jdk.internal.reflect.NativeMethodAccessorImpl.invoke(NativeMethodAccessorImpl.java:77)
at java.base/jdk.internal.reflect.DelegatingMethodAccessorImpl.invoke(DelegatingMethodAccessorImpl.java:43)
at java.base/java.lang.reflect.Method.invoke(Method.java:568)
at org.testng.internal.MethodInvocationHelper.invokeMethod(MethodInvocationHelper.java:132)
at org.testng.internal.TestInvoker.invokeMethod(TestInvoker.java:599)
at org.testng.internal.TestInvoker.invokeTestMethod(TestInvoker.java:174)
at org.testng.internal.MethodRunner.runInSequence(MethodRunner.java:46)
at org.testng.internal.TestInvoker$MethodInvocationAgent.invoke(TestInvoker.java:822)
at org.testng.internal.TestInvoker.invokeTestMethods(TestInvoker.java:147)
at org.testng.internal.TestMethodWorker.invokeTestMethods(TestMethodWorker.java:146)
at org.testng.internal.TestMethodWorker.run(TestMethodWorker.java:128)
at java.base/java.util.ArrayList.forEach(ArrayList.java:1511)
at org.testng.TestRunner.privateRun(TestRunner.java:764)
at org.testng.TestRunner.run(TestRunner.java:585)
at org.testng.SuiteRunner.runTest(SuiteRunner.java:384)
at org.testng.SuiteRunner.access$000(SuiteRunner.java:28)
at org.testng.SuiteRunner$SuiteWorker.run(SuiteRunner.java:425)
at org.testng.internal.thread.ThreadUtil.lambda$execute$0(ThreadUtil.java:66)
at java.base/java.util.concurrent.FutureTask.run(FutureTask.java:264)
at java.base/java.util.concurrent.ThreadPoolExecutor.runWorker(ThreadPoolExecutor.java:1136)
at java.base/java.util.concurrent.ThreadPoolExecutor$Worker.run(ThreadPoolExecutor.java:635)
at java.base/java.lang.Thread.run(Thread.java:833)
]]>
            </full-stacktrace>
          </exception> <!-- java.lang.ArithmeticException -->
          <reporter-output>
          </reporter-output>
        </test-method> <!-- meghanaFoods -->
      </class> <!-- foods.TC_Foods_6 -->
      <class name="foods.TC_Foods_5">
        <test-method signature="meghanaFoods()[pri:0, instance:foods.TC_Foods_5@794cb805]" started-at="2023-01-22T11:55:36 IST" name="meghanaFoods" finished-at="2023-01-22T11:55:45 IST" duration-ms="8888" status="PASS">
          <reporter-output>
          </reporter-output>
        </test-method> <!-- meghanaFoods -->
      </class> <!-- foods.TC_Foods_5 -->
    </test> <!-- Test1 -->
    <test started-at="2023-01-22T11:55:32 IST" name="Test" finished-at="2023-01-22T11:55:45 IST" duration-ms="13831">
      <class name="foods.TC_Foods_7">
        <test-method signature="meghanaFoods()[pri:0, instance:foods.TC_Foods_7@309e345f]" started-at="2023-01-22T11:55:32 IST" name="meghanaFoods" finished-at="2023-01-22T11:55:36 IST" duration-ms="4815" status="PASS">
          <reporter-output>
          </reporter-output>
        </test-method> <!-- meghanaFoods -->
      </class> <!-- foods.TC_Foods_7 -->
      <class name="foods.TC_Foods_6">
        <test-method signature="meghanaFoods()[pri:0, instance:foods.TC_Foods_6@56a6d5a6]" started-at="2023-01-22T11:55:36 IST" name="meghanaFoods" finished-at="2023-01-22T11:55:36 IST" duration-ms="2" status="FAIL">
          <exception class="java.lang.ArithmeticException">
            <message>
              <![CDATA[/ by zero]]>
            </message>
            <full-stacktrace>
              <![CDATA[java.lang.ArithmeticException: / by zero
at foods.TC_Foods_6.meghanaFoods(TC_Foods_6.java:10)
at java.base/jdk.internal.reflect.NativeMethodAccessorImpl.invoke0(Native Method)
at java.base/jdk.internal.reflect.NativeMethodAccessorImpl.invoke(NativeMethodAccessorImpl.java:77)
at java.base/jdk.internal.reflect.DelegatingMethodAccessorImpl.invoke(DelegatingMethodAccessorImpl.java:43)
at java.base/java.lang.reflect.Method.invoke(Method.java:568)
at org.testng.internal.MethodInvocationHelper.invokeMethod(MethodInvocationHelper.java:132)
at org.testng.internal.TestInvoker.invokeMethod(TestInvoker.java:599)
at org.testng.internal.TestInvoker.invokeTestMethod(TestInvoker.java:174)
at org.testng.internal.MethodRunner.runInSequence(MethodRunner.java:46)
at org.testng.internal.TestInvoker$MethodInvocationAgent.invoke(TestInvoker.java:822)
at org.testng.internal.TestInvoker.invokeTestMethods(TestInvoker.java:147)
at org.testng.internal.TestMethodWorker.invokeTestMethods(TestMethodWorker.java:146)
at org.testng.internal.TestMethodWorker.run(TestMethodWorker.java:128)
at java.base/java.util.ArrayList.forEach(ArrayList.java:1511)
at org.testng.TestRunner.privateRun(TestRunner.java:764)
at org.testng.TestRunner.run(TestRunner.java:585)
at org.testng.SuiteRunner.runTest(SuiteRunner.java:384)
at org.testng.SuiteRunner.access$000(SuiteRunner.java:28)
at org.testng.SuiteRunner$SuiteWorker.run(SuiteRunner.java:425)
at org.testng.internal.thread.ThreadUtil.lambda$execute$0(ThreadUtil.java:66)
at java.base/java.util.concurrent.FutureTask.run(FutureTask.java:264)
at java.base/java.util.concurrent.ThreadPoolExecutor.runWorker(ThreadPoolExecutor.java:1136)
at java.base/java.util.concurrent.ThreadPoolExecutor$Worker.run(ThreadPoolExecutor.java:635)
at java.base/java.lang.Thread.run(Thread.java:833)
]]>
            </full-stacktrace>
          </exception> <!-- java.lang.ArithmeticException -->
          <reporter-output>
          </reporter-output>
        </test-method> <!-- meghanaFoods -->
      </class> <!-- foods.TC_Foods_6 -->
      <class name="foods.TC_Foods_5">
        <test-method signature="meghanaFoods()[pri:0, instance:foods.TC_Foods_5@18ce0030]" started-at="2023-01-22T11:55:36 IST" name="meghanaFoods" finished-at="2023-01-22T11:55:45 IST" duration-ms="8968" status="PASS">
          <reporter-output>
          </reporter-output>
        </test-method> <!-- meghanaFoods -->
      </class> <!-- foods.TC_Foods_5 -->
    </test> <!-- Test -->
  </suite> <!-- Suite -->
</testng-results>
